Microsoft HTML Help Compiler 4.74.8702

Compiling c:\Help\Ndihma10.chm


Compile time: 0 minutes, 3 seconds
32	Topics
110	Local links
0	Internet links
0	Graphics


Created c:\Help\Ndihma10.chm, 18,423 bytes
Compression decreased file by 31,855 bytes.
Microsoft HTML Help Compiler 4.74.8702

Compiling c:\Help\Ndihma10.chm


Compile time: 0 minutes, 3 seconds
32	Topics
110	Local links
0	Internet links
0	Graphics


Created c:\Help\Ndihma10.chm, 18,421 bytes
Compression decreased file by 31,859 bytes.
Microsoft HTML Help Compiler 4.74.8702

Compiling c:\Help\Ndihma10.chm


Compile time: 0 minutes, 3 seconds
32	Topics
110	Local links
0	Internet links
0	Graphics


Created c:\Help\Ndihma10.chm, 18,421 bytes
Compression decreased file by 31,859 bytes.
Microsoft HTML Help Compiler 4.74.8702

Compiling c:\Help\Ndihma10.chm


Compile time: 0 minutes, 2 seconds
32	Topics
110	Local links
0	Internet links
0	Graphics


Created c:\Help\Ndihma10.chm, 18,419 bytes
Compression decreased file by 31,861 bytes.
Microsoft HTML Help Compiler 4.74.8702

Compiling c:\Help\Ndihma10.chm


Compile time: 0 minutes, 3 seconds
32	Topics
110	Local links
0	Internet links
0	Graphics


Created c:\Help\Ndihma10.chm, 18,421 bytes
Compression decreased file by 31,859 bytes.
